<?xml version="1.0" encoding="UTF-8"?>
<!-- Generated by org.testng.reporters.JUnitReportReporter -->
<testsuite hostname="VICTORs-MacBook-Pro.local" failures="0" tests="1" name="asistente.AppTest" time="0.214" errors="0" timestamp="2021-10-23T20:30:44 PET" skipped="0">
  <testcase classname="asistente.AppTest" name="main" time="0.214"/>
  <system-out/>
</testsuite> <!-- asistente.AppTest -->
